<?xml version="1.0" encoding="UTF-8"?>
<!-- Generated by org.testng.reporters.JUnitXMLReporter -->
<testsuite ignored="0" hostname="MuzammilLaptop" failures="0" tests="5" name="Command line test" time="3.862" errors="0" timestamp="2023-01-28T19:52:01 IST">
  <testcase classname="basic_cal.Calc_test" name="add" time="0.428"/>
  <testcase classname="basic_cal.Calc_test" name="divide" time="0.287"/>
  <testcase classname="basic_cal.Calc_test" name="minus" time="0.298"/>
  <testcase classname="basic_cal.Calc_test" name="mod" time="0.289"/>
  <testcase classname="basic_cal.Calc_test" name="multiply" time="0.276"/>
</testsuite> <!-- Command line test -->
